<?xml version="1.0" encoding="UTF-8"?>
<coverage generated="1736366202931" clover="3.2.0">
  <project timestamp="1736366202931" name="All files">
    <metrics statements="93" coveredstatements="82" conditionals="68" coveredconditionals="56" methods="35" coveredmethods="28" elements="196" coveredelements="166" complexity="0" loc="93" ncloc="93" packages="1" files="1" classes="1"/>
    <file name="TeamPlayerSelector.js" path="C:\Users\yangc\Documents\GitHub\GoatSquad\frontend\src\components\TeamPlayerSelector.js">
      <metrics statements="93" coveredstatements="82" conditionals="68" coveredconditionals="56" methods="35" coveredmethods="28"/>
      <line num="6" count="39" type="stmt"/>
      <line num="7" count="39" type="stmt"/>
      <line num="8" count="39" type="stmt"/>
      <line num="9" count="39" type="stmt"/>
      <line num="10" count="39" type="stmt"/>
      <line num="11" count="39" type="stmt"/>
      <line num="12" count="39" type="stmt"/>
      <line num="13" count="39" type="stmt"/>
      <line num="16" count="39" type="stmt"/>
      <line num="17" count="11" type="stmt"/>
      <line num="18" count="11" type="stmt"/>
      <line num="19" count="11" type="stmt"/>
      <line num="20" count="11" type="stmt"/>
      <line num="21" count="11" type="stmt"/>
      <line num="22" count="11" type="stmt"/>
      <line num="23" count="10" type="stmt"/>
      <line num="25" count="10" type="cond" truecount="3" falsecount="1"/>
      <line num="26" count="10" type="stmt"/>
      <line num="27" count="10" type="stmt"/>
      <line num="28" count="10" type="stmt"/>
      <line num="30" count="0" type="stmt"/>
      <line num="33" count="1" type="stmt"/>
      <line num="34" count="1" type="cond" truecount="1" falsecount="1"/>
      <line num="35" count="1" type="stmt"/>
      <line num="37" count="11" type="stmt"/>
      <line num="41" count="11" type="stmt"/>
      <line num="45" count="39" type="stmt"/>
      <line num="46" count="6" type="cond" truecount="3" falsecount="1"/>
      <line num="48" count="6" type="stmt"/>
      <line num="49" count="6" type="stmt"/>
      <line num="50" count="6" type="stmt"/>
      <line num="51" count="6" type="stmt"/>
      <line num="52" count="5" type="stmt"/>
      <line num="54" count="4" type="cond" truecount="3" falsecount="1"/>
      <line num="55" count="4" type="stmt"/>
      <line num="60" count="0" type="stmt"/>
      <line num="63" count="1" type="stmt"/>
      <line num="64" count="1" type="stmt"/>
      <line num="69" count="5" type="stmt"/>
      <line num="74" count="39" type="stmt"/>
      <line num="75" count="16" type="cond" truecount="2" falsecount="0"/>
      <line num="76" count="5" type="stmt"/>
      <line num="81" count="39" type="stmt"/>
      <line num="82" count="15" type="cond" truecount="1" falsecount="1"/>
      <line num="83" count="15" type="cond" truecount="2" falsecount="0"/>
      <line num="84" count="15" type="stmt"/>
      <line num="85" count="10" type="stmt"/>
      <line num="90" count="39" type="stmt"/>
      <line num="91" count="0" type="stmt"/>
      <line num="92" count="0" type="stmt"/>
      <line num="93" count="0" type="cond" truecount="0" falsecount="2"/>
      <line num="95" count="0" type="stmt"/>
      <line num="99" count="39" type="stmt"/>
      <line num="100" count="36" type="stmt"/>
      <line num="102" count="36" type="stmt"/>
      <line num="103" count="36" type="stmt"/>
      <line num="104" count="1" type="stmt"/>
      <line num="105" count="1" type="stmt"/>
      <line num="107" count="36" type="stmt"/>
      <line num="110" count="36" type="stmt"/>
      <line num="113" count="39" type="stmt"/>
      <line num="114" count="2" type="stmt"/>
      <line num="115" count="2" type="stmt"/>
      <line num="117" count="2" type="cond" truecount="2" falsecount="0"/>
      <line num="119" count="1" type="stmt"/>
      <line num="120" count="1" type="cond" truecount="1" falsecount="1"/>
      <line num="121" count="1" type="stmt"/>
      <line num="123" count="1" type="cond" truecount="1" falsecount="1"/>
      <line num="125" count="1" type="stmt"/>
      <line num="126" count="1" type="cond" truecount="1" falsecount="1"/>
      <line num="127" count="1" type="stmt"/>
      <line num="132" count="39" type="cond" truecount="4" falsecount="0"/>
      <line num="133" count="12" type="stmt"/>
      <line num="145" count="27" type="cond" truecount="4" falsecount="0"/>
      <line num="146" count="1" type="stmt"/>
      <line num="156" count="0" type="stmt"/>
      <line num="157" count="0" type="stmt"/>
      <line num="170" count="26" type="stmt"/>
      <line num="188" count="2" type="stmt"/>
      <line num="196" count="0" type="stmt"/>
      <line num="206" count="5" type="stmt"/>
      <line num="236" count="20" type="stmt"/>
      <line num="239" count="19" type="stmt"/>
      <line num="240" count="19" type="stmt"/>
      <line num="243" count="1" type="stmt"/>
      <line num="257" count="0" type="stmt"/>
      <line num="258" count="0" type="stmt"/>
      <line num="295" count="5" type="cond" truecount="1" falsecount="1"/>
      <line num="302" count="32" type="stmt"/>
      <line num="323" count="5" type="stmt"/>
      <line num="325" count="1" type="stmt"/>
      <line num="326" count="1" type="stmt"/>
      <line num="328" count="1" type="cond" truecount="2" falsecount="0"/>
    </file>
  </project>
</coverage>
