TN:
SF:src\components\TeamPlayerSelector.js
FN:5,TeamPlayerSelector
FN:16,(anonymous_1)
FN:17,(anonymous_2)
FN:26,(anonymous_3)
FN:45,(anonymous_4)
FN:55,(anonymous_5)
FN:64,(anonymous_6)
FN:74,(anonymous_7)
FN:81,(anonymous_8)
FN:84,(anonymous_9)
FN:90,(anonymous_10)
FN:92,(anonymous_11)
FN:99,(anonymous_12)
FN:100,(anonymous_13)
FN:102,(anonymous_14)
FN:104,(anonymous_15)
FN:105,(anonymous_16)
FN:113,(anonymous_17)
FN:119,(anonymous_18)
FN:125,(anonymous_19)
FN:155,(anonymous_20)
FN:188,(anonymous_21)
FN:196,(anonymous_22)
FN:206,(anonymous_23)
FN:235,(anonymous_24)
FN:238,(anonymous_25)
FN:239,(anonymous_26)
FN:243,(anonymous_27)
FN:256,(anonymous_28)
FN:295,(anonymous_29)
FN:301,(anonymous_30)
FN:322,(anonymous_31)
FN:325,(anonymous_32)
FN:326,(anonymous_33)
FN:328,(anonymous_34)
FNF:35
FNH:28
FNDA:39,TeamPlayerSelector
FNDA:11,(anonymous_1)
FNDA:11,(anonymous_2)
FNDA:10,(anonymous_3)
FNDA:6,(anonymous_4)
FNDA:4,(anonymous_5)
FNDA:1,(anonymous_6)
FNDA:16,(anonymous_7)
FNDA:15,(anonymous_8)
FNDA:10,(anonymous_9)
FNDA:0,(anonymous_10)
FNDA:0,(anonymous_11)
FNDA:36,(anonymous_12)
FNDA:36,(anonymous_13)
FNDA:1,(anonymous_14)
FNDA:1,(anonymous_15)
FNDA:1,(anonymous_16)
FNDA:2,(anonymous_17)
FNDA:0,(anonymous_18)
FNDA:0,(anonymous_19)
FNDA:0,(anonymous_20)
FNDA:2,(anonymous_21)
FNDA:0,(anonymous_22)
FNDA:5,(anonymous_23)
FNDA:20,(anonymous_24)
FNDA:19,(anonymous_25)
FNDA:2,(anonymous_26)
FNDA:1,(anonymous_27)
FNDA:0,(anonymous_28)
FNDA:5,(anonymous_29)
FNDA:32,(anonymous_30)
FNDA:5,(anonymous_31)
FNDA:1,(anonymous_32)
FNDA:1,(anonymous_33)
FNDA:1,(anonymous_34)
DA:6,39
DA:7,39
DA:8,39
DA:9,39
DA:10,39
DA:11,39
DA:12,39
DA:13,39
DA:16,39
DA:17,11
DA:18,11
DA:19,11
DA:20,11
DA:21,11
DA:22,11
DA:23,10
DA:25,10
DA:26,10
DA:27,10
DA:28,10
DA:30,0
DA:33,1
DA:34,1
DA:35,1
DA:37,11
DA:41,11
DA:45,39
DA:46,6
DA:48,6
DA:49,6
DA:50,6
DA:51,6
DA:52,5
DA:54,4
DA:55,4
DA:60,0
DA:63,1
DA:64,1
DA:69,5
DA:74,39
DA:75,16
DA:76,5
DA:81,39
DA:82,15
DA:83,15
DA:84,15
DA:85,10
DA:90,39
DA:91,0
DA:92,0
DA:93,0
DA:95,0
DA:99,39
DA:100,36
DA:102,36
DA:103,36
DA:104,1
DA:105,1
DA:107,36
DA:110,36
DA:113,39
DA:114,2
DA:115,2
DA:117,2
DA:119,1
DA:120,1
DA:121,1
DA:123,1
DA:125,1
DA:126,1
DA:127,1
DA:132,39
DA:133,12
DA:145,27
DA:146,1
DA:156,0
DA:157,0
DA:170,26
DA:188,2
DA:196,0
DA:206,5
DA:236,20
DA:239,19
DA:240,19
DA:243,1
DA:257,0
DA:258,0
DA:295,5
DA:302,32
DA:323,5
DA:325,1
DA:326,1
DA:328,1
LF:93
LH:82
BRDA:5,0,0,34
BRDA:5,1,0,29
BRDA:25,2,0,10
BRDA:25,2,1,0
BRDA:25,3,0,10
BRDA:25,3,1,10
BRDA:34,4,0,1
BRDA:34,4,1,0
BRDA:46,5,0,0
BRDA:46,5,1,6
BRDA:46,6,0,6
BRDA:46,6,1,6
BRDA:54,7,0,4
BRDA:54,7,1,0
BRDA:54,8,0,4
BRDA:54,8,1,4
BRDA:75,9,0,5
BRDA:75,9,1,11
BRDA:82,10,0,0
BRDA:82,10,1,15
BRDA:83,11,0,15
BRDA:83,11,1,5
BRDA:93,12,0,0
BRDA:93,12,1,0
BRDA:117,13,0,1
BRDA:117,13,1,1
BRDA:120,14,0,1
BRDA:120,14,1,0
BRDA:123,15,0,1
BRDA:123,15,1,0
BRDA:126,16,0,1
BRDA:126,16,1,0
BRDA:132,17,0,12
BRDA:132,17,1,27
BRDA:132,18,0,39
BRDA:132,18,1,12
BRDA:145,19,0,1
BRDA:145,19,1,26
BRDA:145,20,0,27
BRDA:145,20,1,1
BRDA:186,21,0,10
BRDA:186,21,1,16
BRDA:198,22,0,10
BRDA:198,22,1,16
BRDA:208,23,0,16
BRDA:208,23,1,10
BRDA:219,24,0,10
BRDA:219,24,1,16
BRDA:232,25,0,10
BRDA:232,25,1,0
BRDA:246,26,0,1
BRDA:246,26,1,18
BRDA:294,27,0,16
BRDA:294,27,1,5
BRDA:295,28,0,5
BRDA:295,28,1,0
BRDA:311,29,0,1
BRDA:311,29,1,15
BRDA:320,30,0,5
BRDA:320,30,1,10
BRDA:320,31,0,15
BRDA:320,31,1,10
BRDA:328,32,0,1
BRDA:328,32,1,4
BRDA:336,33,0,5
BRDA:336,33,1,5
BRDA:349,34,0,5
BRDA:349,34,1,5
BRF:68
BRH:56
end_of_record
